19:03:55 **** Build of configuration Debug for project Headphones ****
make all 
Building file: ../src/main.cpp
Invoking: Cross ARM C++ Compiler
arm-none-eabi-g++ -mcpu=cortex-m3 -mthumb -Og -fmessage-length=0 -fsigned-char -ffunction-sections -fdata-sections -ffreestanding -fno-move-loop-invariants -Wall -Wextra  -g3 -DDEBUG -DDEVICE_ERROR_PATTERN=1 -D__MBED__=1 -DDEVICE_I2CSLAVE=1 -DTARGET_LIKE_MBED -DDEVICE_PORTIN=1 -DDEVICE_RTC=1 -DTARGET_NXP -DTARGET_LPC176X -D__CMSIS_RTOS -DOS_USE_SEMIHOSTING -DTOOLCHAIN_object -DMBED_BUILD_TIMESTAMP=1478016578.76 -DTOOLCHAIN_GCC -DDEVICE_CAN=1 -DTARGET_LIKE_CORTEX_M3 -DTARGET_CORTEX_M -DARM_MATH_CM3 -DDEVICE_ANALOGOUT=1 -DTARGET_UVISOR_UNSUPPORTED -DTARGET_M3 -DDEVICE_PWMOUT=1 -DDEVICE_INTERRUPTIN=1 -DDEVICE_I2C=1 -DDEVICE_PORTOUT=1 -D__CORTEX_M3 -DDEVICE_STDIO_MESSAGES=1 -DTARGET_LPC1768 -DTARGET_RELEASE -DDEVICE_PORTINOUT=1 -DDEVICE_SERIAL_FC=1 -DTARGET_MBED_LPC1768 -D__MBED_CMSIS_RTOS_CM -DDEVICE_SLEEP=1 -DTOOLCHAIN_GCC_ARM -DDEVICE_SPI=1 -DDEVICE_ETHERNET=1 -DDEVICE_SPISLAVE=1 -DDEVICE_ANALOGIN=1 -DDEVICE_SERIAL=1 -DDEVICE_SEMIHOST=1 -DDEVICE_DEBUG_AWARENESS=1 -DDEVICE_LOCALFILESYSTEM=1 -DTRACE -DOS_USE_TRACE_SEMIHOSTING_DEBUG -I../mbed -I../src/DRV2605 -I../mbed/TARGET_LPC1768 -I../mbed/TARGET_LPC1768/TARGET_NXP -I../mbed/TARGET_LPC1768/TARGET_NXP/TARGET_LPC176X -I../mbed/TARGET_LPC1768/TARGET_NXP/TARGET_LPC176X/TARGET_MBED_LPC1768 -I../mbed/TARGET_LPC1768/TARGET_NXP/TARGET_LPC176X/device -I../mbed/TARGET_LPC1768/TOOLCHAIN_GCC_ARM -I../mbed/drivers -I../mbed/hal -I../mbed/platform -I"../system/include" -I"../system/include/cmsis" -I"../system/include/DEVICE" -I"../include" -fabi-version=0 -fno-exceptions -fno-rtti -fno-use-cxa-atexit -fno-threadsafe-statics -include ../mbed_config.h -MMD -MP -MMD -MP -MF"src/main.d" -MT"src/main.o" -c -o "src/main.o" "../src/main.cpp"
../src/main.cpp: In function 'uint8_t radio_comm_GetResp(uint8_t, uint8_t*)':
../src/main.cpp:10:27: warning: large integer implicitly truncated to unsigned type [-Woverflow]
 #define RADIO_CTS_TIMEOUT 100000
                           ^
../src/main.cpp:137:16: note: in expansion of macro 'RADIO_CTS_TIMEOUT'
   U16 errCnt = RADIO_CTS_TIMEOUT;
                ^
In file included from ../mbed/platform/mbed_interface.h:22:0,
                 from ../mbed/mbed.h:42,
                 from ../src/main.cpp:1:
../src/main.cpp: In function 'void si446x_set_property(uint8_t, uint8_t, uint8_t, ...)':
../src/main.cpp:5:12: warning: 'uint8_t {aka unsigned char}' is promoted to 'int' when passed through '...'
 #define U8 uint8_t
            ^
../src/main.cpp:493:46: note: in expansion of macro 'U8'
         Pro2Cmd[cmdIndex] = va_arg (argList, U8);
                                              ^
../src/main.cpp:5:12: note: (so you should pass 'int' not 'uint8_t {aka unsigned char}' to 'va_arg')
 #define U8 uint8_t
            ^
../src/main.cpp:493:46: note: in expansion of macro 'U8'
         Pro2Cmd[cmdIndex] = va_arg (argList, U8);
                                              ^
../src/main.cpp:5:12: note: if this code is reached, the program will abort
 #define U8 uint8_t
            ^
../src/main.cpp:493:46: note: in expansion of macro 'U8'
         Pro2Cmd[cmdIndex] = va_arg (argList, U8);
                                              ^
Finished building: ../src/main.cpp
 
Building target: Headphones.elf
Invoking: Cross ARM C++ Linker
arm-none-eabi-g++ -mcpu=cortex-m3 -mthumb -Og -fmessage-length=0 -fsigned-char -ffunction-sections -fdata-sections -ffreestanding -fno-move-loop-invariants -Wall -Wextra  -g3 -T mem.ld -T libs.ld -T sections.ld -nostartfiles -Xlinker --gc-sections -L"../ldscripts" -Wl,-Map,"Headphones.map" --specs=nano.specs -o "Headphones.elf"  ./src/main.o   
c:/arm_gcc/4.9/bin/../lib/gcc/arm-none-eabi/4.9.3/../../../../arm-none-eabi/bin/ld.exe: warning: cannot find entry symbol _start; defaulting to 00000030
./src/main.o: In function `mbed::Serial::~Serial()':
C:\Projects\Headphones\Headphones\Headphones\Debug/../mbed/drivers/DigitalOut.h:75: undefined reference to `mbed::Stream::~Stream()'
C:\Projects\Headphones\Headphones\Headphones\Debug/../mbed/drivers/DigitalOut.h:75: undefined reference to `vtable for mbed::Serial'
./src/main.o: In function `mbed::Serial::~Serial()':
C:\Projects\Headphones\Headphones\Headphones\Debug/../src/main.cpp:752: undefined reference to `vtable for mbed::SerialBase'
./src/main.o: In function `vRadio_Init()':
C:\Projects\Headphones\Headphones\Headphones\Debug/../src/main.cpp:764: undefined reference to `mbed::SPI::SPI(PinName, PinName, PinName, PinName)'
./src/main.o: In function `DigitalIn':
C:\Projects\Headphones\Headphones\Headphones\Debug/../mbed/TARGET_LPC1768/TARGET_NXP/TARGET_LPC176X/gpio_object.h:44: undefined reference to `gpio_init_in'
C:\Projects\Headphones\Headphones\Headphones\Debug/../mbed/TARGET_LPC1768/TARGET_NXP/TARGET_LPC176X/gpio_object.h:45: undefined reference to `gpio_init_in'
C:\Projects\Headphones\Headphones\Headphones\Debug/../mbed/TARGET_LPC1768/TARGET_NXP/TARGET_LPC176X/gpio_object.h:36: undefined reference to `gpio_init_in'
./src/main.o: In function `DigitalOut':
C:\Projects\Headphones\Headphones\Headphones\Debug/../mbed/TARGET_LPC1768/TARGET_NXP/TARGET_LPC176X/gpio_object.h:40: undefined reference to `gpio_init_out'
./src/main.o: In function `DigitalOut':
C:\Projects\Headphones\Headphones\Headphones\Debug/../src/main.cpp:774: undefined reference to `gpio_init_out'
./src/main.o: In function `DigitalIn':
C:\Projects\Headphones\Headphones\Headphones\Debug/../mbed/TARGET_LPC1768/TARGET_NXP/TARGET_LPC176X/gpio_object.h:36: undefined reference to `gpio_init_in'
./src/main.o: In function `__static_initialization_and_destruction_0':
C:\Projects\Headphones\Headphones\Headphones\Debug/../mbed/TARGET_LPC1768/TARGET_NXP/TARGET_LPC176X/gpio_object.h:38: undefined reference to `mbed::Serial::Serial(PinName, PinName, char const*, int)'
./src/main.o: In function `__static_initialization_and_destruction_0':
C:\Projects\Headphones\Headphones\Headphones\Debug/../src/main.cpp:788: undefined reference to `vtable for mbed::SPI'
./src/main.o: In function `~Serial':
C:\Projects\Headphones\Headphones\Headphones\Debug/../src/main.cpp:788: undefined reference to `mbed::Stream::~Stream()'
./src/main.o: In function `mbed::Serial::~Serial()':
C:\Projects\Headphones\Headphones\Headphones\Debug/../mbed/drivers/Serial.h:52: undefined reference to `vtable for mbed::Serial'
C:\Projects\Headphones\Headphones\Headphones\Debug/../mbed/drivers/Serial.h:52: undefined reference to `vtable for mbed::SerialBase'
collect2.exe: error: ld returned 1 exit status
makefile:57: recipe for target 'Headphones.elf' failed
make: *** [Headphones.elf] Error 1

19:03:56 Build Finished (took 892ms)

